* This is the StructMobWeight report file that is output every time the server starts.
* 
* Spawn Balance Utility (SBU) will use this file ONLY if it is renamed to StructMobWeight.csv.
* Lines starting with '*' are comments and ignored
* It allows you to add and remove mobs and adjust their spawnweights for Structures
* like shipwrecks, nether fortresses, water monuments, etc.
* 
1, structory:abandoned_camp, HEADING, header:ignore, 0, 0, 0
2, structory:abandoned_chapel, HEADING, header:ignore, 0, 0, 0
3, dungeons_arise:abandoned_temple, HEADING, header:ignore, 0, 0, 0
4, dungeons_arise:abandoned_temple, MONSTER, minecraft:stray, 10, 1, 1
5, alexscaves:abyssal_ruins, HEADING, header:ignore, 0, 0, 0
6, alexscaves:abyssal_ruins, MONSTER, alexscaves:mine_guardian, 20, 1, 2
7, alexscaves:acid_pit, HEADING, header:ignore, 0, 0, 0
8, minecraft:ancient_city, HEADING, header:ignore, 0, 0, 0
9, cataclysm:ancient_factory, HEADING, header:ignore, 0, 0, 0
10, ati_structures:ancient_temple, HEADING, header:ignore, 0, 0, 0
11, ati_structures:ancient_temple, MONSTER, minecraft:slime, 10, 1, 2
12, structory_towers:ancient_temple, HEADING, header:ignore, 0, 0, 0
13, ati_structures:ancient_vessel, HEADING, header:ignore, 0, 0, 0
14, ati_structures:arachnid_dwelling, HEADING, header:ignore, 0, 0, 0
15, betterarcheology:archeologist_camp_grassy, HEADING, header:ignore, 0, 0, 0
16, betterarcheology:archeologist_camp_redsand, HEADING, header:ignore, 0, 0, 0
17, betterarcheology:archeologist_camp_sand, HEADING, header:ignore, 0, 0, 0
18, twilightforest:aurora_palace, HEADING, header:ignore, 0, 0, 0
19, dungeons_arise:aviary, HEADING, header:ignore, 0, 0, 0
20, dungeons_arise:aviary, MONSTER, minecraft:phantom, 60, 2, 3
21, dungeons_arise:bandit_towers, HEADING, header:ignore, 0, 0, 0
22, dungeons_arise:bandit_village, HEADING, header:ignore, 0, 0, 0
23, minecraft:bastion_remnant, HEADING, header:ignore, 0, 0, 0
24, dungeons_arise:bathhouse, HEADING, header:ignore, 0, 0, 0
25, mvs:beach_bar, HEADING, header:ignore, 0, 0, 0
26, queen_bee:beehive, HEADING, header:ignore, 0, 0, 0
27, tameablebeasts:beetle_nest, HEADING, header:ignore, 0, 0, 0
28, tameablebeasts:beetle_nest, CREATURE, tameablebeasts:tameable_beetle, 10, 1, 2
29, tameablebeasts:beetle_nest, CREATURE, tameablebeasts:ground_beetle, 10, 1, 2
30, tconstruct:blood_island, HEADING, header:ignore, 0, 0, 0
31, tconstruct:blood_island, MONSTER, minecraft:magma_cube, 10, 4, 6
32, structory:boat, HEADING, header:ignore, 0, 0, 0
33, witherstormmod:bowels, HEADING, header:ignore, 0, 0, 0
34, betterarcheology:buried_ruins_sand, HEADING, header:ignore, 0, 0, 0
35, minecraft:buried_treasure, HEADING, header:ignore, 0, 0, 0
36, cataclysm:burning_arena, HEADING, header:ignore, 0, 0, 0
37, mna:caches/largearcane, HEADING, header:ignore, 0, 0, 0
38, mna:caches/largearcane_broken, HEADING, header:ignore, 0, 0, 0
39, mna:caches/smallarcane, HEADING, header:ignore, 0, 0, 0
40, mna:caches/smallarcane_broken, HEADING, header:ignore, 0, 0, 0
41, alexscaves:cake_cave, HEADING, header:ignore, 0, 0, 0
42, mvs:cartographer_tower, HEADING, header:ignore, 0, 0, 0
43, mvs:carts/cart, HEADING, header:ignore, 0, 0, 0
44, mvs:carts/large_cart_1, HEADING, header:ignore, 0, 0, 0
45, mvs:carts/large_cart_2, HEADING, header:ignore, 0, 0, 0
46, mvs:carts/medium_bamboo_cart, HEADING, header:ignore, 0, 0, 0
47, betterarcheology:catacombs, HEADING, header:ignore, 0, 0, 0
48, mvs:cathedral, HEADING, header:ignore, 0, 0, 0
49, mvs:cathedral, MONSTER, minecraft:skeleton, 10, 1, 2
50, mvs:cathedral, MONSTER, minecraft:zombie, 10, 2, 5
51, dungeons_arise:ceryneian_hind, HEADING, header:ignore, 0, 0, 0
52, netherexp:chapel, HEADING, header:ignore, 0, 0, 0
53, mns:circle_blackstone, HEADING, header:ignore, 0, 0, 0
54, mns:circle_nether_brick, HEADING, header:ignore, 0, 0, 0
55, youkaishomecoming:cirno_nest, HEADING, header:ignore, 0, 0, 0
56, youkaishomecoming:cirno_nest, MONSTER, youkaishomecoming:cirno, 10, 1, 1
57, tconstruct:clay_island, HEADING, header:ignore, 0, 0, 0
58, tconstruct:clay_island, MONSTER, tconstruct:terracube, 10, 2, 4
59, born_in_chaos_v1:clown_caravan_plains, HEADING, header:ignore, 0, 0, 0
60, born_in_chaos_v1:clown_caravan_savanna, HEADING, header:ignore, 0, 0, 0
61, born_in_chaos_v1:clown_caravan_taiga, HEADING, header:ignore, 0, 0, 0
62, dungeons_arise:coliseum, HEADING, header:ignore, 0, 0, 0
63, vampirism:crypt, HEADING, header:ignore, 0, 0, 0
64, mvs:crystal, HEADING, header:ignore, 0, 0, 0
65, cataclysm:cursed_pyramid, HEADING, header:ignore, 0, 0, 0
66, ati_structures:dark_keep, HEADING, header:ignore, 0, 0, 0
67, evilcraft:dark_temple, HEADING, header:ignore, 0, 0, 0
68, ati_structures:dark_tower, HEADING, header:ignore, 0, 0, 0
69, twilightforest:dark_tower, HEADING, header:ignore, 0, 0, 0
70, born_in_chaos_v1:dark_tower_forest, HEADING, header:ignore, 0, 0, 0
71, born_in_chaos_v1:dark_tower_plain, HEADING, header:ignore, 0, 0, 0
72, born_in_chaos_v1:dark_tower_taiga, HEADING, header:ignore, 0, 0, 0
73, mvs:dead_tree/acacia, HEADING, header:ignore, 0, 0, 0
74, mvs:dead_tree/birch, HEADING, header:ignore, 0, 0, 0
75, mvs:dead_tree/cherry, HEADING, header:ignore, 0, 0, 0
76, mvs:dead_tree/dark_oak, HEADING, header:ignore, 0, 0, 0
77, mvs:dead_tree/jungle, HEADING, header:ignore, 0, 0, 0
78, mvs:dead_tree/mangrove, HEADING, header:ignore, 0, 0, 0
79, mvs:dead_tree/oak, HEADING, header:ignore, 0, 0, 0
80, mvs:dead_tree/spruce, HEADING, header:ignore, 0, 0, 0
81, ati_structures:deepslate_keep, HEADING, header:ignore, 0, 0, 0
82, structory:dense_forest_ruin, HEADING, header:ignore, 0, 0, 0
83, betterarcheology:desert_obelisk, HEADING, header:ignore, 0, 0, 0
84, ati_structures:desert_outpost, HEADING, header:ignore, 0, 0, 0
85, terralith:desert_outpost, HEADING, header:ignore, 0, 0, 0
86, terralith:desert_outpost, MONSTER, minecraft:pillager, 10, 1, 1
87, minecraft:desert_pyramid, HEADING, header:ignore, 0, 0, 0
88, netherexp:devils_bluff, HEADING, header:ignore, 0, 0, 0
89, alexscaves:dino_bowl, HEADING, header:ignore, 0, 0, 0
90, ati_structures:dojo, HEADING, header:ignore, 0, 0, 0
91, alexscaves:donut_arch, HEADING, header:ignore, 0, 0, 0
92, tconstruct:earth_slime_island, HEADING, header:ignore, 0, 0, 0
93, tconstruct:earth_slime_island, MONSTER, minecraft:slime, 10, 4, 4
94, structory_towers:end/end_tower, HEADING, header:ignore, 0, 0, 0
95, minecraft:end_city, HEADING, header:ignore, 0, 0, 0
96, minecraft:end_city, MONSTER, alexsmobs:mimicube, 40, 1, 3
97, tconstruct:end_slime_island, HEADING, header:ignore, 0, 0, 0
98, tconstruct:end_slime_island, MONSTER, tconstruct:ender_slime, 10, 4, 4
99, structory_towers:engineer_tower, HEADING, header:ignore, 0, 0, 0
100, towns_and_towers:exclusives/pillager_outpost_classic, HEADING, header:ignore, 0, 0, 0
101, towns_and_towers:exclusives/pillager_outpost_classic, MONSTER, minecraft:pillager, 10, 1, 2
102, towns_and_towers:exclusives/pillager_outpost_iberian, HEADING, header:ignore, 0, 0, 0
103, towns_and_towers:exclusives/pillager_outpost_iberian, MONSTER, minecraft:pillager, 10, 1, 2
104, towns_and_towers:exclusives/pillager_outpost_mediterranean, HEADING, header:ignore, 0, 0, 0
105, towns_and_towers:exclusives/pillager_outpost_mediterranean, MONSTER, minecraft:pillager, 10, 1, 2
106, towns_and_towers:exclusives/pillager_outpost_oriental, HEADING, header:ignore, 0, 0, 0
107, towns_and_towers:exclusives/pillager_outpost_oriental, MONSTER, minecraft:pillager, 10, 1, 2
108, towns_and_towers:exclusives/pillager_outpost_rustic, HEADING, header:ignore, 0, 0, 0
109, towns_and_towers:exclusives/pillager_outpost_rustic, MONSTER, minecraft:pillager, 10, 1, 2
110, towns_and_towers:exclusives/pillager_outpost_swedish, HEADING, header:ignore, 0, 0, 0
111, towns_and_towers:exclusives/pillager_outpost_swedish, MONSTER, minecraft:pillager, 10, 1, 2
112, towns_and_towers:exclusives/pillager_outpost_tudor, HEADING, header:ignore, 0, 0, 0
113, towns_and_towers:exclusives/pillager_outpost_tudor, MONSTER, minecraft:pillager, 10, 1, 2
114, towns_and_towers:exclusives/village_classic, HEADING, header:ignore, 0, 0, 0
115, towns_and_towers:exclusives/village_iberian, HEADING, header:ignore, 0, 0, 0
116, towns_and_towers:exclusives/village_mediterranean, HEADING, header:ignore, 0, 0, 0
117, towns_and_towers:exclusives/village_nilotic, HEADING, header:ignore, 0, 0, 0
118, towns_and_towers:exclusives/village_piglin, HEADING, header:ignore, 0, 0, 0
119, towns_and_towers:exclusives/village_piglin, MONSTER, minecraft:piglin, 10, 6, 8
120, towns_and_towers:exclusives/village_piglin, MONSTER, minecraft:piglin_brute, 10, 2, 3
121, towns_and_towers:exclusives/village_rustic, HEADING, header:ignore, 0, 0, 0
122, towns_and_towers:exclusives/village_swedish, HEADING, header:ignore, 0, 0, 0
123, towns_and_towers:exclusives/village_tudor, HEADING, header:ignore, 0, 0, 0
124, towns_and_towers:exclusives/village_wandering_trader_camp, HEADING, header:ignore, 0, 0, 0
125, mna:faction/boss/cathedral, HEADING, header:ignore, 0, 0, 0
126, mna:faction/boss/council_island, HEADING, header:ignore, 0, 0, 0
127, mna:faction/boss/demon_arena, HEADING, header:ignore, 0, 0, 0
128, mna:faction/boss/fey_tree, HEADING, header:ignore, 0, 0, 0
129, mna:faction/council_library, HEADING, header:ignore, 0, 0, 0
130, mna:faction/council_library, MONSTER, mna:witch_hunter, 10, 1, 3
131, mna:faction/council_library, MONSTER, mna:spell_breaker, 10, 1, 3
132, mna:faction/demon_fortress, HEADING, header:ignore, 0, 0, 0
133, mna:faction/demon_fortress, MONSTER, mna:lantern_wraith, 10, 1, 3
134, mna:faction/demon_fortress, MONSTER, mna:demon_imp, 10, 1, 3
135, mna:faction/fairy_glade, HEADING, header:ignore, 0, 0, 0
136, mna:faction/fairy_glade, MONSTER, mna:pixie, 10, 1, 3
137, mna:faction/fairy_glade, MONSTER, mna:mushroom_soldier, 10, 1, 3
138, mna:faction/undead_crypt, HEADING, header:ignore, 0, 0, 0
139, mna:faction/undead_crypt, MONSTER, mna:hulking_zombie, 10, 1, 2
140, mna:faction/undead_crypt, MONSTER, mna:skeleton_assassin, 10, 1, 3
141, born_in_chaos_v1:farm, HEADING, header:ignore, 0, 0, 0
142, structory_towers:farmer_outpost, HEADING, header:ignore, 0, 0, 0
143, alexscaves:ferrocave, HEADING, header:ignore, 0, 0, 0
144, twilightforest:final_castle, HEADING, header:ignore, 0, 0, 0
145, structory:firetower, HEADING, header:ignore, 0, 0, 0
146, born_in_chaos_v1:firewell, HEADING, header:ignore, 0, 0, 0
147, dungeons_arise:fishing_hut, HEADING, header:ignore, 0, 0, 0
148, pirates:flyingship, HEADING, header:ignore, 0, 0, 0
149, structory_towers:foraging_outpost, HEADING, header:ignore, 0, 0, 0
150, alexscaves:forlorn_bridge, HEADING, header:ignore, 0, 0, 0
151, alexscaves:forlorn_canyon, HEADING, header:ignore, 0, 0, 0
152, horror_element_mod:fortified_church, HEADING, header:ignore, 0, 0, 0
153, terralith:fortified_desert_village, HEADING, header:ignore, 0, 0, 0
154, ati_structures:fortified_temple, HEADING, header:ignore, 0, 0, 0
155, terralith:fortified_village, HEADING, header:ignore, 0, 0, 0
156, minecraft:fortress, HEADING, header:ignore, 0, 0, 0
157, minecraft:fortress, MONSTER, minecraft:blaze, 10, 2, 3
158, minecraft:fortress, MONSTER, minecraft:zombified_piglin, 10, 4, 4
159, minecraft:fortress, MONSTER, minecraft:wither_skeleton, 10, 5, 5
160, minecraft:fortress, MONSTER, minecraft:skeleton, 10, 5, 5
161, minecraft:fortress, MONSTER, minecraft:magma_cube, 10, 4, 4
162, minecraft:fortress, MONSTER, cataclysm:ignited_berserker, 10, 1, 1
163, betterarcheology:fossil_chicken, HEADING, header:ignore, 0, 0, 0
164, betterarcheology:fossil_chicken_birch, HEADING, header:ignore, 0, 0, 0
165, betterarcheology:fossil_creeper, HEADING, header:ignore, 0, 0, 0
166, betterarcheology:fossil_jungle_0, HEADING, header:ignore, 0, 0, 0
167, betterarcheology:fossil_jungle_1, HEADING, header:ignore, 0, 0, 0
168, betterarcheology:fossil_sheep_0, HEADING, header:ignore, 0, 0, 0
169, betterarcheology:fossil_wolf, HEADING, header:ignore, 0, 0, 0
170, dungeons_arise:foundry, HEADING, header:ignore, 0, 0, 0
171, cataclysm:frosted_prison, HEADING, header:ignore, 0, 0, 0
172, mowziesmobs:frostmaw_spawn, HEADING, header:ignore, 0, 0, 0
173, mvs:gallows, HEADING, header:ignore, 0, 0, 0
174, tameablebeasts:gecko_nest, HEADING, header:ignore, 0, 0, 0
175, tameablebeasts:gecko_nest, CREATURE, tameablebeasts:crested_gecko, 10, 1, 2
176, dungeons_arise:giant_mushroom, HEADING, header:ignore, 0, 0, 0
177, alexscaves:gingerbread_town, HEADING, header:ignore, 0, 0, 0
178, alexscaves:gingerbread_town, MONSTER, alexscaves:gingerbread_man, 80, 4, 4
179, terralith:glacial_hut, HEADING, header:ignore, 0, 0, 0
180, ati_structures:gnome_hut, HEADING, header:ignore, 0, 0, 0
181, ati_structures:granite_fort, HEADING, header:ignore, 0, 0, 0
182, born_in_chaos_v1:grave_2003wise, HEADING, header:ignore, 0, 0, 0
183, born_in_chaos_v1:grave_2_dling, HEADING, header:ignore, 0, 0, 0
184, born_in_chaos_v1:grave_darktitan, HEADING, header:ignore, 0, 0, 0
185, born_in_chaos_v1:grave_derivas, HEADING, header:ignore, 0, 0, 0
186, born_in_chaos_v1:grave_euthymia, HEADING, header:ignore, 0, 0, 0
187, born_in_chaos_v1:grave_feral, HEADING, header:ignore, 0, 0, 0
188, born_in_chaos_v1:grave_fubuki_banzai, HEADING, header:ignore, 0, 0, 0
189, born_in_chaos_v1:grave_memesus, HEADING, header:ignore, 0, 0, 0
190, born_in_chaos_v1:grave_mike_and_rory, HEADING, header:ignore, 0, 0, 0
191, born_in_chaos_v1:grave_orion, HEADING, header:ignore, 0, 0, 0
192, born_in_chaos_v1:grave_petasi, HEADING, header:ignore, 0, 0, 0
193, born_in_chaos_v1:grave_somfunambulist, HEADING, header:ignore, 0, 0, 0
194, mns:grave_yard, HEADING, header:ignore, 0, 0, 0
195, born_in_chaos_v1:gravecarrionexe, HEADING, header:ignore, 0, 0, 0
196, horror_element_mod:graveyard, HEADING, header:ignore, 0, 0, 0
197, structory:graveyard, HEADING, header:ignore, 0, 0, 0
198, structory_towers:great_toadstool, HEADING, header:ignore, 0, 0, 0
199, dungeons_arise:greenwood_pub, HEADING, header:ignore, 0, 0, 0
200, ars_nouveau:guardian_wilden_den, HEADING, header:ignore, 0, 0, 0
201, ars_nouveau:guardian_wilden_den, MONSTER, ars_nouveau:wilden_guardian, 10, 1, 3
202, youkaishomecoming:hakurei_shrine, HEADING, header:ignore, 0, 0, 0
203, ati_structures:haunted_ruin, HEADING, header:ignore, 0, 0, 0
204, dungeons_arise:heavenly_challenger, HEADING, header:ignore, 0, 0, 0
205, dungeons_arise:heavenly_conqueror, HEADING, header:ignore, 0, 0, 0
206, dungeons_arise:heavenly_rider, HEADING, header:ignore, 0, 0, 0
207, twilightforest:hedge_maze, HEADING, header:ignore, 0, 0, 0
208, horror_element_mod:herobrine_sanctum, HEADING, header:ignore, 0, 0, 0
209, ati_structures:herobrine_stronghold, HEADING, header:ignore, 0, 0, 0
210, mvs:horse_pen, HEADING, header:ignore, 0, 0, 0
211, mvs:houses/azelea_house, HEADING, header:ignore, 0, 0, 0
212, mvs:houses/barn, HEADING, header:ignore, 0, 0, 0
213, mvs:houses/deepslate_house, HEADING, header:ignore, 0, 0, 0
214, mvs:houses/desert_house, HEADING, header:ignore, 0, 0, 0
215, mvs:houses/flower_hole, HEADING, header:ignore, 0, 0, 0
216, mvs:houses/house, HEADING, header:ignore, 0, 0, 0
217, mvs:houses/large_floating_island, HEADING, header:ignore, 0, 0, 0
218, mvs:houses/large_warped_tower, HEADING, header:ignore, 0, 0, 0
219, mvs:houses/medium_igloo_1, HEADING, header:ignore, 0, 0, 0
220, mvs:houses/medium_igloo_2, HEADING, header:ignore, 0, 0, 0
221, mvs:houses/small_igloo, HEADING, header:ignore, 0, 0, 0
222, mvs:houses/small_swamp_house, HEADING, header:ignore, 0, 0, 0
223, mvs:houses/tall_house, HEADING, header:ignore, 0, 0, 0
224, mvs:houses/warped_house, HEADING, header:ignore, 0, 0, 0
225, vampirism:hunter_camp, HEADING, header:ignore, 0, 0, 0
226, vampirism:hunter_outpost_badlands, HEADING, header:ignore, 0, 0, 0
227, vampirism:hunter_outpost_badlands, MONSTER, vampirism:hunter, 80, 2, 4
228, vampirism:hunter_outpost_badlands, MONSTER, vampirism:advanced_hunter, 20, 1, 22
229, vampirism:hunter_outpost_desert, HEADING, header:ignore, 0, 0, 0
230, vampirism:hunter_outpost_desert, MONSTER, vampirism:hunter, 80, 2, 4
231, vampirism:hunter_outpost_desert, MONSTER, vampirism:advanced_hunter, 20, 1, 22
232, vampirism:hunter_outpost_plains, HEADING, header:ignore, 0, 0, 0
233, vampirism:hunter_outpost_plains, MONSTER, vampirism:hunter, 80, 2, 4
234, vampirism:hunter_outpost_plains, MONSTER, vampirism:advanced_hunter, 20, 1, 22
235, vampirism:hunter_outpost_vampire_forest, HEADING, header:ignore, 0, 0, 0
236, vampirism:hunter_outpost_vampire_forest, MONSTER, vampirism:hunter, 80, 2, 4
237, vampirism:hunter_outpost_vampire_forest, MONSTER, vampirism:advanced_hunter, 20, 1, 22
238, ars_nouveau:hunter_wilden_den, HEADING, header:ignore, 0, 0, 0
239, ars_nouveau:hunter_wilden_den, MONSTER, ars_nouveau:wilden_hunter, 10, 3, 3
240, twilightforest:hydra_lair, HEADING, header:ignore, 0, 0, 0
241, aquamirae:ice_maze/arch, HEADING, header:ignore, 0, 0, 0
242, aquamirae:ice_maze/arch, MONSTER, aquamirae:maw, 50, 1, 2
243, aquamirae:ice_maze/arch, AMBIENT, aquamirae:golden_moth, 10, 1, 2
244, aquamirae:ice_maze/common, HEADING, header:ignore, 0, 0, 0
245, aquamirae:ice_maze/common, MONSTER, aquamirae:maw, 50, 1, 2
246, aquamirae:ice_maze/spiral, HEADING, header:ignore, 0, 0, 0
247, aquamirae:ice_maze/spiral, MONSTER, aquamirae:maw, 50, 2, 6
248, ati_structures:ice_tribe, HEADING, header:ignore, 0, 0, 0
249, ati_structures:ice_tribe, MONSTER, minecraft:pig, 10, 1, 2
250, minecraft:igloo, HEADING, header:ignore, 0, 0, 0
251, terralith:igloo, HEADING, header:ignore, 0, 0, 0
252, dungeons_arise:illager_campsite, HEADING, header:ignore, 0, 0, 0
253, dungeons_arise:illager_corsair, HEADING, header:ignore, 0, 0, 0
254, dungeons_arise:illager_fort, HEADING, header:ignore, 0, 0, 0
255, dungeons_arise:illager_galley, HEADING, header:ignore, 0, 0, 0
256, ati_structures:illager_homestead, HEADING, header:ignore, 0, 0, 0
257, ati_structures:illager_tower, HEADING, header:ignore, 0, 0, 0
258, dungeons_arise:illager_windmill, HEADING, header:ignore, 0, 0, 0
259, born_in_chaos_v1:infernal_pumpkin, HEADING, header:ignore, 0, 0, 0
260, dungeons_arise:infested_temple, HEADING, header:ignore, 0, 0, 0
261, ati_structures:jungle_grotto, HEADING, header:ignore, 0, 0, 0
262, minecraft:jungle_pyramid, HEADING, header:ignore, 0, 0, 0
263, structory:jungle_ruin, HEADING, header:ignore, 0, 0, 0
264, structory:jungle_ruin, MONSTER, minecraft:creeper, 10, 4, 4
265, ati_structures:jungle_settlement, HEADING, header:ignore, 0, 0, 0
266, mvs:jungle_tower, HEADING, header:ignore, 0, 0, 0
267, dungeons_arise:jungle_tree_house, HEADING, header:ignore, 0, 0, 0
268, dungeons_arise:keep_kayra, HEADING, header:ignore, 0, 0, 0
269, twilightforest:knight_stronghold, HEADING, header:ignore, 0, 0, 0
270, horror_element_mod:laboratory, HEADING, header:ignore, 0, 0, 0
271, horror_element_mod:labyrinth, HEADING, header:ignore, 0, 0, 0
272, twilightforest:labyrinth, HEADING, header:ignore, 0, 0, 0
273, mvs:lantern/medium_oak_lantern, HEADING, header:ignore, 0, 0, 0
274, mvs:lantern/small_acacia_lantern, HEADING, header:ignore, 0, 0, 0
275, mvs:lantern/small_bamboo_lantern, HEADING, header:ignore, 0, 0, 0
276, mvs:lantern/small_birch_lantern, HEADING, header:ignore, 0, 0, 0
277, mvs:lantern/small_campfire_lantern, HEADING, header:ignore, 0, 0, 0
278, mvs:lantern/small_cherry_lantern, HEADING, header:ignore, 0, 0, 0
279, mvs:lantern/small_dark_oak_lantern, HEADING, header:ignore, 0, 0, 0
280, mvs:lantern/small_jungle_lantern, HEADING, header:ignore, 0, 0, 0
281, mvs:lantern/small_mangrove_lantern, HEADING, header:ignore, 0, 0, 0
282, mvs:lantern/small_oak_lantern, HEADING, header:ignore, 0, 0, 0
283, mvs:lantern/small_spruce_lantern, HEADING, header:ignore, 0, 0, 0
284, mns:large_blackstone_pillars, HEADING, header:ignore, 0, 0, 0
285, mns:large_blackstone_walls, HEADING, header:ignore, 0, 0, 0
286, twilightforest:large_hollow_hill, HEADING, header:ignore, 0, 0, 0
287, mns:large_nether_brick, HEADING, header:ignore, 0, 0, 0
288, mns:lava_pool, HEADING, header:ignore, 0, 0, 0
289, watching:leafless_grove, HEADING, header:ignore, 0, 0, 0
290, twilightforest:lich_tower, HEADING, header:ignore, 0, 0, 0
291, alexscaves:licowitch_tower, HEADING, header:ignore, 0, 0, 0
292, alexscaves:licowitch_tower, MONSTER, alexscaves:licowitch, 70, 1, 1
293, alexscaves:licowitch_tower, MONSTER, minecraft:witch, 30, 1, 1
294, betterarcheology:light_temple, HEADING, header:ignore, 0, 0, 0
295, ati_structures:lighthouse, HEADING, header:ignore, 0, 0, 0
296, dungeons_arise:lighthouse, HEADING, header:ignore, 0, 0, 0
297, structory_towers:lighthouse, HEADING, header:ignore, 0, 0, 0
298, mvs:log_pile/acacia_log_pile, HEADING, header:ignore, 0, 0, 0
299, mvs:log_pile/birch_log_pile, HEADING, header:ignore, 0, 0, 0
300, mvs:log_pile/dark_oak_log_pile, HEADING, header:ignore, 0, 0, 0
301, mvs:log_pile/jungle_log_pile, HEADING, header:ignore, 0, 0, 0
302, mvs:log_pile/oak_log_pile, HEADING, header:ignore, 0, 0, 0
303, mvs:log_pile/spruce_log_pile, HEADING, header:ignore, 0, 0, 0
304, watching:logless_tree/acacia, HEADING, header:ignore, 0, 0, 0
305, watching:logless_tree/birch, HEADING, header:ignore, 0, 0, 0
306, watching:logless_tree/oak, HEADING, header:ignore, 0, 0, 0
307, watching:logless_tree/spruce, HEADING, header:ignore, 0, 0, 0
308, vampiresdelight:lost_carriage, HEADING, header:ignore, 0, 0, 0
309, ad_astra:lunar_tower, HEADING, header:ignore, 0, 0, 0
310, ad_astra:lunarian_village, HEADING, header:ignore, 0, 0, 0
311, terralith:mage_complex, HEADING, header:ignore, 0, 0, 0
312, terralith:mage_tower, HEADING, header:ignore, 0, 0, 0
313, terralith:mage_tower_autumn, HEADING, header:ignore, 0, 0, 0
314, terralith:mage_tower_spring, HEADING, header:ignore, 0, 0, 0
315, terralith:mage_tower_summer, HEADING, header:ignore, 0, 0, 0
316, terralith:mage_tower_winter, HEADING, header:ignore, 0, 0, 0
317, ati_structures:manor, HEADING, header:ignore, 0, 0, 0
318, ati_structures:manor, MONSTER, minecraft:pillager, 10, 1, 1
319, minecraft:mansion, HEADING, header:ignore, 0, 0, 0
320, ati_structures:marble_chateau, HEADING, header:ignore, 0, 0, 0
321, ad_astra:mars_temple, HEADING, header:ignore, 0, 0, 0
322, dungeons_arise:mechanical_nest, HEADING, header:ignore, 0, 0, 0
323, mns:medium_blackstone, HEADING, header:ignore, 0, 0, 0
324, mns:medium_crimson_fungus, HEADING, header:ignore, 0, 0, 0
325, mns:medium_crimson_fungus_2, HEADING, header:ignore, 0, 0, 0
326, mns:medium_crimson_well, HEADING, header:ignore, 0, 0, 0
327, twilightforest:medium_hollow_hill, HEADING, header:ignore, 0, 0, 0
328, mns:medium_house, HEADING, header:ignore, 0, 0, 0
329, mns:medium_house_2, HEADING, header:ignore, 0, 0, 0
330, mns:medium_warped_fungus, HEADING, header:ignore, 0, 0, 0
331, mns:medium_warped_fungus_2, HEADING, header:ignore, 0, 0, 0
332, mns:medium_warped_well, HEADING, header:ignore, 0, 0, 0
333, netherexp:mega_fossil, HEADING, header:ignore, 0, 0, 0
334, netherexp:mega_fossil_campsite, HEADING, header:ignore, 0, 0, 0
335, netherexp:mega_fossil_campsite, MONSTER, minecraft:skeleton, 10, 1, 1
336, netherexp:mega_fossil_campsite, MONSTER, netherexp:vessel, 10, 1, 1
337, dungeons_arise:merchant_campsite, HEADING, header:ignore, 0, 0, 0
338, betterarcheology:mesa_ruins, HEADING, header:ignore, 0, 0, 0
339, ae2:meteorite, HEADING, header:ignore, 0, 0, 0
340, towns_and_towers:mimic_desert, HEADING, header:ignore, 0, 0, 0
341, minecraft:mineshaft, HEADING, header:ignore, 0, 0, 0
342, minecraft:mineshaft, AMBIENT, alexsmobs:underminer, 50, 1, 1
343, bettermineshafts:mineshaft_acacia, HEADING, header:ignore, 0, 0, 0
344, bettermineshafts:mineshaft_acacia, AMBIENT, alexsmobs:underminer, 50, 1, 1
345, bettermineshafts:mineshaft_desert, HEADING, header:ignore, 0, 0, 0
346, bettermineshafts:mineshaft_desert, AMBIENT, alexsmobs:underminer, 50, 1, 1
347, bettermineshafts:mineshaft_dripstone, HEADING, header:ignore, 0, 0, 0
348, bettermineshafts:mineshaft_dripstone, AMBIENT, alexsmobs:underminer, 50, 1, 1
349, bettermineshafts:mineshaft_ice, HEADING, header:ignore, 0, 0, 0
350, bettermineshafts:mineshaft_ice, AMBIENT, alexsmobs:underminer, 50, 1, 1
351, bettermineshafts:mineshaft_jungle, HEADING, header:ignore, 0, 0, 0
352, bettermineshafts:mineshaft_jungle, AMBIENT, alexsmobs:underminer, 50, 1, 1
353, bettermineshafts:mineshaft_lush, HEADING, header:ignore, 0, 0, 0
354, bettermineshafts:mineshaft_lush, AMBIENT, alexsmobs:underminer, 50, 1, 1
355, bettermineshafts:mineshaft_mesa, HEADING, header:ignore, 0, 0, 0
356, bettermineshafts:mineshaft_mesa, AMBIENT, alexsmobs:underminer, 50, 1, 1
357, minecraft:mineshaft_mesa, HEADING, header:ignore, 0, 0, 0
358, minecraft:mineshaft_mesa, AMBIENT, alexsmobs:underminer, 50, 1, 1
359, bettermineshafts:mineshaft_mushroom, HEADING, header:ignore, 0, 0, 0
360, bettermineshafts:mineshaft_mushroom, AMBIENT, alexsmobs:underminer, 50, 1, 1
361, bettermineshafts:mineshaft_oak, HEADING, header:ignore, 0, 0, 0
362, bettermineshafts:mineshaft_oak, AMBIENT, alexsmobs:underminer, 50, 1, 1
363, bettermineshafts:mineshaft_overgrown, HEADING, header:ignore, 0, 0, 0
364, bettermineshafts:mineshaft_overgrown, AMBIENT, alexsmobs:underminer, 50, 1, 1
365, bettermineshafts:mineshaft_red_desert, HEADING, header:ignore, 0, 0, 0
366, bettermineshafts:mineshaft_red_desert, AMBIENT, alexsmobs:underminer, 50, 1, 1
367, bettermineshafts:mineshaft_spruce, HEADING, header:ignore, 0, 0, 0
368, bettermineshafts:mineshaft_spruce, AMBIENT, alexsmobs:underminer, 50, 1, 1
369, bettermineshafts:mineshaft_spruce_snowy, HEADING, header:ignore, 0, 0, 0
370, bettermineshafts:mineshaft_spruce_snowy, AMBIENT, alexsmobs:underminer, 50, 1, 1
371, dungeons_arise:mining_system, HEADING, header:ignore, 0, 0, 0
372, structory_towers:mirage_outpost, HEADING, header:ignore, 0, 0, 0
373, dungeons_arise:monastery, HEADING, header:ignore, 0, 0, 0
374, ati_structures:monastery_tower, HEADING, header:ignore, 0, 0, 0
375, minecraft:monument, HEADING, header:ignore, 0, 0, 0
376, minecraft:monument, MONSTER, minecraft:guardian, 10, 2, 4
377, ad_astra:moon_dungeon, HEADING, header:ignore, 0, 0, 0
378, ati_structures:mosque, HEADING, header:ignore, 0, 0, 0
379, watching:mossy_pyramid, HEADING, header:ignore, 0, 0, 0
380, vampirism:mother, HEADING, header:ignore, 0, 0, 0
381, betterarcheology:mott, HEADING, header:ignore, 0, 0, 0
382, born_in_chaos_v1:mound_of_hounds, HEADING, header:ignore, 0, 0, 0
383, ati_structures:mud_tower, HEADING, header:ignore, 0, 0, 0
384, dungeons_arise:mushroom_house, HEADING, header:ignore, 0, 0, 0
385, dungeons_arise:mushroom_mines, HEADING, header:ignore, 0, 0, 0
386, twilightforest:mushroom_tower, HEADING, header:ignore, 0, 0, 0
387, dungeons_arise:mushroom_village, HEADING, header:ignore, 0, 0, 0
388, twilightforest:naga_courtyard, HEADING, header:ignore, 0, 0, 0
389, mvs:nature/acacia_tree, HEADING, header:ignore, 0, 0, 0
390, mvs:nature/big_oak_tree, HEADING, header:ignore, 0, 0, 0
391, mvs:nature/birch_tree, HEADING, header:ignore, 0, 0, 0
392, mvs:nature/boulder, HEADING, header:ignore, 0, 0, 0
393, mvs:nature/cherry_tree, HEADING, header:ignore, 0, 0, 0
394, mvs:nature/dark_oak_tree, HEADING, header:ignore, 0, 0, 0
395, mvs:nature/floating_islands, HEADING, header:ignore, 0, 0, 0
396, mvs:nature/jungle_palm_tree, HEADING, header:ignore, 0, 0, 0
397, mvs:nature/jungle_tree, HEADING, header:ignore, 0, 0, 0
398, mvs:nature/large_mushroom, HEADING, header:ignore, 0, 0, 0
399, mvs:nature/mushroom_pond, HEADING, header:ignore, 0, 0, 0
400, mvs:nature/oak_tree, HEADING, header:ignore, 0, 0, 0
401, mvs:nature/paths, HEADING, header:ignore, 0, 0, 0
402, mvs:nature/small_oak_pond, HEADING, header:ignore, 0, 0, 0
403, mvs:nature/spruce_tree, HEADING, header:ignore, 0, 0, 0
404, mvs:nature/stone_rock, HEADING, header:ignore, 0, 0, 0
405, structory_towers:nether/fortress_tower, HEADING, header:ignore, 0, 0, 0
406, structory_towers:nether/strange_outpost, HEADING, header:ignore, 0, 0, 0
407, structory_towers:nether/warped_outpost, HEADING, header:ignore, 0, 0, 0
408, minecraft:nether_fossil, HEADING, header:ignore, 0, 0, 0
409, minecraft:nether_fossil, MONSTER, alexsmobs:soul_vulture, 30, 1, 1
410, structory_towers:nomad_outpost, HEADING, header:ignore, 0, 0, 0
411, ati_structures:nomadic_camp, HEADING, header:ignore, 0, 0, 0
412, ati_structures:nomadic_camp, MONSTER, minecraft:pillager, 10, 1, 1
413, structory:northern_ruin, HEADING, header:ignore, 0, 0, 0
414, born_in_chaos_v1:observation_tower_forest, HEADING, header:ignore, 0, 0, 0
415, born_in_chaos_v1:observation_tower_plains, HEADING, header:ignore, 0, 0, 0
416, structory_towers:ocean_pillar, HEADING, header:ignore, 0, 0, 0
417, minecraft:ocean_ruin_cold, HEADING, header:ignore, 0, 0, 0
418, minecraft:ocean_ruin_warm, HEADING, header:ignore, 0, 0, 0
419, watching:ocean_sand_pyramid, HEADING, header:ignore, 0, 0, 0
420, alexscaves:ocean_trench, HEADING, header:ignore, 0, 0, 0
421, ad_astra:oil_well, HEADING, header:ignore, 0, 0, 0
422, ati_structures:old_fort, HEADING, header:ignore, 0, 0, 0
423, ati_structures:old_home, HEADING, header:ignore, 0, 0, 0
424, structory:old_manor, HEADING, header:ignore, 0, 0, 0
425, mvs:other_decoration/bee_dome, HEADING, header:ignore, 0, 0, 0
426, mvs:other_decoration/bench, HEADING, header:ignore, 0, 0, 0
427, mvs:other_decoration/campsite, HEADING, header:ignore, 0, 0, 0
428, mvs:other_decoration/crimson_enchanting_table, HEADING, header:ignore, 0, 0, 0
429, mvs:other_decoration/desert_pump, HEADING, header:ignore, 0, 0, 0
430, mvs:other_decoration/duck, HEADING, header:ignore, 0, 0, 0
431, mvs:other_decoration/end_scraps/end_scraps_1, HEADING, header:ignore, 0, 0, 0
432, mvs:other_decoration/end_scraps/end_scraps_2, HEADING, header:ignore, 0, 0, 0
433, mvs:other_decoration/end_scraps/end_scraps_3, HEADING, header:ignore, 0, 0, 0
434, mvs:other_decoration/end_scraps/end_scraps_4, HEADING, header:ignore, 0, 0, 0
435, mvs:other_decoration/fire_camp, HEADING, header:ignore, 0, 0, 0
436, mvs:other_decoration/fox_hut, HEADING, header:ignore, 0, 0, 0
437, mvs:other_decoration/haystack, HEADING, header:ignore, 0, 0, 0
438, mvs:other_decoration/horse_campsite, HEADING, header:ignore, 0, 0, 0
439, mvs:other_decoration/lamp_chest, HEADING, header:ignore, 0, 0, 0
440, mvs:other_decoration/lecturn_garden, HEADING, header:ignore, 0, 0, 0
441, mvs:other_decoration/mine_with_campsite, HEADING, header:ignore, 0, 0, 0
442, mvs:other_decoration/mushroom_statue, HEADING, header:ignore, 0, 0, 0
443, mvs:other_decoration/nether_devil, HEADING, header:ignore, 0, 0, 0
444, mvs:other_decoration/pile, HEADING, header:ignore, 0, 0, 0
445, mvs:other_decoration/snowy_dog_hut, HEADING, header:ignore, 0, 0, 0
446, mvs:other_decoration/snowy_fossil, HEADING, header:ignore, 0, 0, 0
447, mvs:other_decoration/stone_bee, HEADING, header:ignore, 0, 0, 0
448, mvs:other_decoration/villager_statue, HEADING, header:ignore, 0, 0, 0
449, mvs:other_decoration/wheat_grain_bin, HEADING, header:ignore, 0, 0, 0
450, mvs:other_decoration/windmill, HEADING, header:ignore, 0, 0, 0
451, mvs:other_decoration/wooden_wheat_farm, HEADING, header:ignore, 0, 0, 0
452, mvs:out_house, HEADING, header:ignore, 0, 0, 0
453, structory:outcast_villager_desert, HEADING, header:ignore, 0, 0, 0
454, structory:outcast_villager_grassy, HEADING, header:ignore, 0, 0, 0
455, aquamirae:outpost, HEADING, header:ignore, 0, 0, 0
456, aquamirae:outpost, MONSTER, minecraft:pillager, 10, 1, 2
457, aquamirae:outpost, MONSTER, minecraft:vindicator, 10, 1, 1
458, structory_towers:overgrown_mangrove, HEADING, header:ignore, 0, 0, 0
459, ati_structures:overgrown_outpost, HEADING, header:ignore, 0, 0, 0
460, structory_towers:pillager_lookout, HEADING, header:ignore, 0, 0, 0
461, structory_towers:pillager_lookout, MONSTER, minecraft:pillager, 10, 1, 1
462, minecraft:pillager_outpost, HEADING, header:ignore, 0, 0, 0
463, minecraft:pillager_outpost, MONSTER, minecraft:pillager, 10, 1, 1
464, towns_and_towers:pillager_outpost_badlands, HEADING, header:ignore, 0, 0, 0
465, towns_and_towers:pillager_outpost_badlands, MONSTER, minecraft:pillager, 10, 1, 2
466, towns_and_towers:pillager_outpost_beach, HEADING, header:ignore, 0, 0, 0
467, towns_and_towers:pillager_outpost_beach, MONSTER, minecraft:pillager, 10, 1, 2
468, towns_and_towers:pillager_outpost_birch_forest, HEADING, header:ignore, 0, 0, 0
469, towns_and_towers:pillager_outpost_birch_forest, MONSTER, minecraft:pillager, 10, 1, 2
470, towns_and_towers:pillager_outpost_desert, HEADING, header:ignore, 0, 0, 0
471, towns_and_towers:pillager_outpost_desert, MONSTER, minecraft:pillager, 10, 1, 2
472, towns_and_towers:pillager_outpost_flower_forest, HEADING, header:ignore, 0, 0, 0
473, towns_and_towers:pillager_outpost_flower_forest, MONSTER, minecraft:pillager, 10, 1, 2
474, towns_and_towers:pillager_outpost_forest, HEADING, header:ignore, 0, 0, 0
475, towns_and_towers:pillager_outpost_forest, MONSTER, minecraft:pillager, 10, 1, 2
476, towns_and_towers:pillager_outpost_grove, HEADING, header:ignore, 0, 0, 0
477, towns_and_towers:pillager_outpost_grove, MONSTER, minecraft:pillager, 10, 1, 2
478, towns_and_towers:pillager_outpost_jungle, HEADING, header:ignore, 0, 0, 0
479, towns_and_towers:pillager_outpost_jungle, MONSTER, minecraft:pillager, 10, 1, 2
480, towns_and_towers:pillager_outpost_meadow, HEADING, header:ignore, 0, 0, 0
481, towns_and_towers:pillager_outpost_meadow, MONSTER, minecraft:pillager, 10, 1, 2
482, towns_and_towers:pillager_outpost_mushroom_fields, HEADING, header:ignore, 0, 0, 0
483, towns_and_towers:pillager_outpost_ocean, HEADING, header:ignore, 0, 0, 0
484, towns_and_towers:pillager_outpost_ocean, MONSTER, minecraft:pillager, 10, 1, 2
485, towns_and_towers:pillager_outpost_old_growth_taiga, HEADING, header:ignore, 0, 0, 0
486, towns_and_towers:pillager_outpost_old_growth_taiga, MONSTER, minecraft:pillager, 10, 1, 2
487, towns_and_towers:pillager_outpost_savanna, HEADING, header:ignore, 0, 0, 0
488, towns_and_towers:pillager_outpost_savanna, MONSTER, minecraft:pillager, 10, 1, 2
489, towns_and_towers:pillager_outpost_savanna_plateau, HEADING, header:ignore, 0, 0, 0
490, towns_and_towers:pillager_outpost_savanna_plateau, MONSTER, minecraft:pillager, 10, 1, 2
491, towns_and_towers:pillager_outpost_snowy_beach, HEADING, header:ignore, 0, 0, 0
492, towns_and_towers:pillager_outpost_snowy_beach, MONSTER, minecraft:pillager, 10, 1, 2
493, towns_and_towers:pillager_outpost_snowy_plains, HEADING, header:ignore, 0, 0, 0
494, towns_and_towers:pillager_outpost_snowy_plains, MONSTER, minecraft:pillager, 10, 1, 2
495, towns_and_towers:pillager_outpost_snowy_slopes, HEADING, header:ignore, 0, 0, 0
496, towns_and_towers:pillager_outpost_snowy_slopes, MONSTER, minecraft:pillager, 10, 1, 2
497, towns_and_towers:pillager_outpost_snowy_taiga, HEADING, header:ignore, 0, 0, 0
498, towns_and_towers:pillager_outpost_snowy_taiga, MONSTER, minecraft:pillager, 10, 1, 2
499, towns_and_towers:pillager_outpost_sparse_jungle, HEADING, header:ignore, 0, 0, 0
500, towns_and_towers:pillager_outpost_sparse_jungle, MONSTER, minecraft:pillager, 10, 1, 2
501, towns_and_towers:pillager_outpost_sunflower_plains, HEADING, header:ignore, 0, 0, 0
502, towns_and_towers:pillager_outpost_sunflower_plains, MONSTER, minecraft:pillager, 10, 1, 2
503, towns_and_towers:pillager_outpost_swamp, HEADING, header:ignore, 0, 0, 0
504, towns_and_towers:pillager_outpost_swamp, MONSTER, minecraft:pillager, 10, 1, 2
505, towns_and_towers:pillager_outpost_taiga, HEADING, header:ignore, 0, 0, 0
506, towns_and_towers:pillager_outpost_taiga, MONSTER, minecraft:pillager, 10, 1, 2
507, towns_and_towers:pillager_outpost_wooded_badlands, HEADING, header:ignore, 0, 0, 0
508, towns_and_towers:pillager_outpost_wooded_badlands, MONSTER, minecraft:pillager, 10, 1, 2
509, dungeons_arise:plague_asylum, HEADING, header:ignore, 0, 0, 0
510, horror_element_mod:psycho_house, HEADING, header:ignore, 0, 0, 0
511, ati_structures:pufferfish_cave, HEADING, header:ignore, 0, 0, 0
512, ad_astra:pygro_tower, HEADING, header:ignore, 0, 0, 0
513, ad_astra:pygro_village, HEADING, header:ignore, 0, 0, 0
514, ati_structures:quarry, HEADING, header:ignore, 0, 0, 0
515, structory_towers:quarter_outpost, HEADING, header:ignore, 0, 0, 0
516, twilightforest:quest_grove, HEADING, header:ignore, 0, 0, 0
517, mvs:railway, HEADING, header:ignore, 0, 0, 0
518, watching:redstone_torch_trail, HEADING, header:ignore, 0, 0, 0
519, tameablebeasts:roly_nest, HEADING, header:ignore, 0, 0, 0
520, tameablebeasts:roly_nest, CREATURE, tameablebeasts:giant_roly_poly, 10, 1, 2
521, ati_structures:rotten_log, HEADING, header:ignore, 0, 0, 0
522, ati_structures:rotting_temple, HEADING, header:ignore, 0, 0, 0
523, ati_structures:rotting_temple, MONSTER, minecraft:zombie, 10, 1, 3
524, ati_structures:rotting_temple_underground, HEADING, header:ignore, 0, 0, 0
525, ati_structures:rotting_temple_underground, MONSTER, minecraft:zombie, 10, 1, 3
526, terralith:rubble_desert, HEADING, header:ignore, 0, 0, 0
527, terralith:rubble_forest, HEADING, header:ignore, 0, 0, 0
528, terralith:rubble_jungle, HEADING, header:ignore, 0, 0, 0
529, terralith:rubble_mesa, HEADING, header:ignore, 0, 0, 0
530, terralith:rubble_mountain, HEADING, header:ignore, 0, 0, 0
531, terralith:rubble_taiga, HEADING, header:ignore, 0, 0, 0
532, structory:ruin_grassy, HEADING, header:ignore, 0, 0, 0
533, ati_structures:ruined_castle, HEADING, header:ignore, 0, 0, 0
534, cataclysm:ruined_citadel, HEADING, header:ignore, 0, 0, 0
535, cataclysm:ruined_citadel, MONSTER, cataclysm:endermaptera, 10, 1, 1
536, minecraft:ruined_portal, HEADING, header:ignore, 0, 0, 0
537, minecraft:ruined_portal_desert, HEADING, header:ignore, 0, 0, 0
538, minecraft:ruined_portal_jungle, HEADING, header:ignore, 0, 0, 0
539, minecraft:ruined_portal_mountain, HEADING, header:ignore, 0, 0, 0
540, minecraft:ruined_portal_nether, HEADING, header:ignore, 0, 0, 0
541, minecraft:ruined_portal_ocean, HEADING, header:ignore, 0, 0, 0
542, minecraft:ruined_portal_swamp, HEADING, header:ignore, 0, 0, 0
543, mvs:ruins/castle_ruins, HEADING, header:ignore, 0, 0, 0
544, mvs:ruins/log_ruin, HEADING, header:ignore, 0, 0, 0
545, mvs:ruins/ruined_beacon, HEADING, header:ignore, 0, 0, 0
546, mvs:ruins/small_ruin, HEADING, header:ignore, 0, 0, 0
547, mvs:ruins/statue_ruins, HEADING, header:ignore, 0, 0, 0
548, mvs:ruins/stone_pillars, HEADING, header:ignore, 0, 0, 0
549, mvs:ruins/tree_monument, HEADING, header:ignore, 0, 0, 0
550, betterarcheology:ruins_sand, HEADING, header:ignore, 0, 0, 0
551, structory_towers:sacred_relic_temple, HEADING, header:ignore, 0, 0, 0
552, butcher:saltformationlarge, HEADING, header:ignore, 0, 0, 0
553, butcher:saltformationmedium, HEADING, header:ignore, 0, 0, 0
554, butcher:saltformationsmall, HEADING, header:ignore, 0, 0, 0
555, netherexp:sanctum, HEADING, header:ignore, 0, 0, 0
556, netherexp:sanctum, MONSTER, minecraft:skeleton, 10, 1, 3
557, netherexp:sanctum, MONSTER, netherexp:vessel, 10, 1, 2
558, netherexp:sanctum, MONSTER, netherexp:banshee, 10, 1, 1
559, netherexp:sanctum, MONSTER, netherexp:apparition, 10, 1, 1
560, watching:sand_pyramid, HEADING, header:ignore, 0, 0, 0
561, mna:scatter/lonely_tower, HEADING, header:ignore, 0, 0, 0
562, mna:scatter/potion_hut, HEADING, header:ignore, 0, 0, 0
563, mna:scatter/research_outpost_swamp, HEADING, header:ignore, 0, 0, 0
564, mna:scatter/respawn_altar, HEADING, header:ignore, 0, 0, 0
565, mna:scatter/ritual_circle_desert, HEADING, header:ignore, 0, 0, 0
566, mna:scatter/ritual_circle_forest, HEADING, header:ignore, 0, 0, 0
567, mna:scatter/ritual_circle_tundra, HEADING, header:ignore, 0, 0, 0
568, mna:scatter/winter_tower, HEADING, header:ignore, 0, 0, 0
569, mna:scatter/wistful_runesmith, HEADING, header:ignore, 0, 0, 0
570, dungeons_arise:scorched_mines, HEADING, header:ignore, 0, 0, 0
571, ati_structures:sculk_deposit, HEADING, header:ignore, 0, 0, 0
572, mvs:shed, HEADING, header:ignore, 0, 0, 0
573, aquamirae:shelter, HEADING, header:ignore, 0, 0, 0
574, aquamirae:ship, HEADING, header:ignore, 0, 0, 0
575, aquamirae:ship, MONSTER, minecraft:pillager, 10, 1, 2
576, aquamirae:ship, MONSTER, minecraft:vindicator, 10, 1, 1
577, pirates:ship, HEADING, header:ignore, 0, 0, 0
578, minecraft:shipwreck, HEADING, header:ignore, 0, 0, 0
579, minecraft:shipwreck, MONSTER, alexsmobs:skelewag, 15, 1, 2
580, minecraft:shipwreck_beached, HEADING, header:ignore, 0, 0, 0
581, dungeons_arise:shiraz_palace, HEADING, header:ignore, 0, 0, 0
582, ati_structures:silverfish_nest, HEADING, header:ignore, 0, 0, 0
583, ati_structures:sinking_temple, HEADING, header:ignore, 0, 0, 0
584, ati_structures:sinking_temple, MONSTER, minecraft:drowned, 10, 1, 2
585, tconstruct:sky_slime_island, HEADING, header:ignore, 0, 0, 0
586, tconstruct:sky_slime_island, MONSTER, tconstruct:sky_slime, 10, 3, 4
587, dungeons_arise:small_blimp, HEADING, header:ignore, 0, 0, 0
588, structory_towers:small_firetower, HEADING, header:ignore, 0, 0, 0
589, twilightforest:small_hollow_hill, HEADING, header:ignore, 0, 0, 0
590, ati_structures:small_keep, HEADING, header:ignore, 0, 0, 0
591, mns:small_nether_brick, HEADING, header:ignore, 0, 0, 0
592, mvs:small_pillager_tower, HEADING, header:ignore, 0, 0, 0
593, dungeons_arise:small_prairie_house, HEADING, header:ignore, 0, 0, 0
594, mvs:small_ship, HEADING, header:ignore, 0, 0, 0
595, mns:smoking_shrine, HEADING, header:ignore, 0, 0, 0
596, alexscaves:soda_bottle, HEADING, header:ignore, 0, 0, 0
597, cataclysm:soul_black_smith, HEADING, header:ignore, 0, 0, 0
598, ati_structures:spider_nest, HEADING, header:ignore, 0, 0, 0
599, ati_structures:spider_nest, MONSTER, minecraft:spider, 10, 1, 3
600, ati_structures:spider_nest, MONSTER, minecraft:cave_spider, 10, 1, 2
601, terralith:spire, HEADING, header:ignore, 0, 0, 0
602, ars_nouveau:stalker_wilden_den, HEADING, header:ignore, 0, 0, 0
603, ars_nouveau:stalker_wilden_den, MONSTER, ars_nouveau:wilden_stalker, 10, 3, 3
604, mvs:stall/blue_stall, HEADING, header:ignore, 0, 0, 0
605, mvs:stall/orange_stall, HEADING, header:ignore, 0, 0, 0
606, mvs:stall/pink_stall, HEADING, header:ignore, 0, 0, 0
607, mvs:stall/red_stall, HEADING, header:ignore, 0, 0, 0
608, ati_structures:steam_house, HEADING, header:ignore, 0, 0, 0
609, mvs:stone_fountain, HEADING, header:ignore, 0, 0, 0
610, betterarcheology:stonehenge_grassy, HEADING, header:ignore, 0, 0, 0
611, ati_structures:storage_house, HEADING, header:ignore, 0, 0, 0
612, witherstormmod:storm_spawn_platform, HEADING, header:ignore, 0, 0, 0
613, ati_structures:stray_ruins, HEADING, header:ignore, 0, 0, 0
614, minecraft:stronghold, HEADING, header:ignore, 0, 0, 0
615, cataclysm:sunken_city, HEADING, header:ignore, 0, 0, 0
616, mvs:sunzi_gate, HEADING, header:ignore, 0, 0, 0
617, minecraft:swamp_hut, HEADING, header:ignore, 0, 0, 0
618, minecraft:swamp_hut, MONSTER, minecraft:witch, 10, 1, 1
619, minecraft:swamp_hut, CREATURE, minecraft:cat, 10, 1, 1
620, structory:swamp_ruin, HEADING, header:ignore, 0, 0, 0
621, structory_towers:taiga_outpost, HEADING, header:ignore, 0, 0, 0
622, structory_towers:taiga_outpost, MONSTER, minecraft:pillager, 10, 1, 1
623, structory:taiga_ruin_surface, HEADING, header:ignore, 0, 0, 0
624, structory:taiga_ruin_underground, HEADING, header:ignore, 0, 0, 0
625, ati_structures:tavern, HEADING, header:ignore, 0, 0, 0
626, betterarcheology:temple_jungle, HEADING, header:ignore, 0, 0, 0
627, dungeons_arise:thornborn_towers, HEADING, header:ignore, 0, 0, 0
628, watching:torch_cave, HEADING, header:ignore, 0, 0, 0
629, watching:torch_tunnel/1x2/torchless_tunnel, HEADING, header:ignore, 0, 0, 0
630, watching:torch_tunnel/1x2/tunnel, HEADING, header:ignore, 0, 0, 0
631, watching:torch_tunnel/2x2_tunnel, HEADING, header:ignore, 0, 0, 0
632, apotheosis:tower_leaf, HEADING, header:ignore, 0, 0, 0
633, apotheosis:tower_main, HEADING, header:ignore, 0, 0, 0
634, apotheosis:tower_sand, HEADING, header:ignore, 0, 0, 0
635, apotheosis:tower_spruce, HEADING, header:ignore, 0, 0, 0
636, minecraft:trail_ruins, HEADING, header:ignore, 0, 0, 0
637, twilightforest:troll_cave, HEADING, header:ignore, 0, 0, 0
638, betterarcheology:tumulus_grassy, HEADING, header:ignore, 0, 0, 0
639, dungeons_arise:typhon, HEADING, header:ignore, 0, 0, 0
640, mowziesmobs:umvuthana_grove, HEADING, header:ignore, 0, 0, 0
641, dungeons_arise:undead_pirate_ship, HEADING, header:ignore, 0, 0, 0
642, terralith:underground/frosted_dungeon, HEADING, header:ignore, 0, 0, 0
643, terralith:underground/giant_bee_hive, HEADING, header:ignore, 0, 0, 0
644, terralith:underground/mining_outpost, HEADING, header:ignore, 0, 0, 0
645, terralith:underground/oak_cabin, HEADING, header:ignore, 0, 0, 0
646, terralith:underground/old_refinery, HEADING, header:ignore, 0, 0, 0
647, terralith:underground/sunken_tower, HEADING, header:ignore, 0, 0, 0
648, terralith:underground/witch_hut, HEADING, header:ignore, 0, 0, 0
649, alexscaves:underground_cabin, HEADING, header:ignore, 0, 0, 0
650, terralith:underground_cabin, HEADING, header:ignore, 0, 0, 0
651, ati_structures:underground_monument, HEADING, header:ignore, 0, 0, 0
652, betterarcheology:underwater_0, HEADING, header:ignore, 0, 0, 0
653, betterarcheology:underwater_1, HEADING, header:ignore, 0, 0, 0
654, betterarcheology:underwater_2, HEADING, header:ignore, 0, 0, 0
655, betterarcheology:underwater_3, HEADING, header:ignore, 0, 0, 0
656, ati_structures:underwater_dungeon, HEADING, header:ignore, 0, 0, 0
657, ati_structures:underwater_dungeon, MONSTER, minecraft:drowned, 10, 1, 2
658, ati_structures:underwater_dungeon, MONSTER, minecraft:guardian, 10, 1, 2
659, terralith:valley_lodge, HEADING, header:ignore, 0, 0, 0
660, vampirism:vampire_altar, HEADING, header:ignore, 0, 0, 0
661, vampirism:vampire_hut, HEADING, header:ignore, 0, 0, 0
662, ad_astra:venus_bullet, HEADING, header:ignore, 0, 0, 0
663, mns:very_small_blackstone, HEADING, header:ignore, 0, 0, 0
664, mns:very_small_blackstone_2, HEADING, header:ignore, 0, 0, 0
665, mns:very_small_blackstone_3, HEADING, header:ignore, 0, 0, 0
666, mns:very_small_blackstone_4, HEADING, header:ignore, 0, 0, 0
667, mns:very_small_nether_brick, HEADING, header:ignore, 0, 0, 0
668, mns:very_small_nether_brick_2, HEADING, header:ignore, 0, 0, 0
669, mns:very_small_nether_brick_3, HEADING, header:ignore, 0, 0, 0
670, towns_and_towers:village_badlands, HEADING, header:ignore, 0, 0, 0
671, towns_and_towers:village_beach, HEADING, header:ignore, 0, 0, 0
672, towns_and_towers:village_birch_forest, HEADING, header:ignore, 0, 0, 0
673, minecraft:village_desert, HEADING, header:ignore, 0, 0, 0
674, towns_and_towers:village_flower_forest, HEADING, header:ignore, 0, 0, 0
675, towns_and_towers:village_forest, HEADING, header:ignore, 0, 0, 0
676, towns_and_towers:village_grove, HEADING, header:ignore, 0, 0, 0
677, towns_and_towers:village_jungle, HEADING, header:ignore, 0, 0, 0
678, towns_and_towers:village_meadow, HEADING, header:ignore, 0, 0, 0
679, towns_and_towers:village_mushroom_fields, HEADING, header:ignore, 0, 0, 0
680, towns_and_towers:village_ocean, HEADING, header:ignore, 0, 0, 0
681, towns_and_towers:village_old_growth_taiga, HEADING, header:ignore, 0, 0, 0
682, minecraft:village_plains, HEADING, header:ignore, 0, 0, 0
683, minecraft:village_savanna, HEADING, header:ignore, 0, 0, 0
684, towns_and_towers:village_savanna_plateau, HEADING, header:ignore, 0, 0, 0
685, minecraft:village_snowy, HEADING, header:ignore, 0, 0, 0
686, towns_and_towers:village_snowy_slopes, HEADING, header:ignore, 0, 0, 0
687, towns_and_towers:village_snowy_taiga, HEADING, header:ignore, 0, 0, 0
688, towns_and_towers:village_sparse_jungle, HEADING, header:ignore, 0, 0, 0
689, towns_and_towers:village_sunflower_plains, HEADING, header:ignore, 0, 0, 0
690, towns_and_towers:village_swamp, HEADING, header:ignore, 0, 0, 0
691, minecraft:village_taiga, HEADING, header:ignore, 0, 0, 0
692, towns_and_towers:village_wooded_badlands, HEADING, header:ignore, 0, 0, 0
693, betterarcheology:villager_grave, HEADING, header:ignore, 0, 0, 0
694, ati_structures:villager_inn, HEADING, header:ignore, 0, 0, 0
695, alexscaves:volcano, HEADING, header:ignore, 0, 0, 0
696, horror_element_mod:voodoo_sanctum, HEADING, header:ignore, 0, 0, 0
697, ati_structures:warden_monument, HEADING, header:ignore, 0, 0, 0
698, structory_towers:warped_greatsword, HEADING, header:ignore, 0, 0, 0
699, mns:warped_pool, HEADING, header:ignore, 0, 0, 0
700, mvs:well/rare_well, HEADING, header:ignore, 0, 0, 0
701, mvs:well/small_copper_well, HEADING, header:ignore, 0, 0, 0
702, mvs:well/small_tower_well, HEADING, header:ignore, 0, 0, 0
703, mvs:well/small_well, HEADING, header:ignore, 0, 0, 0
704, mvs:well/well, HEADING, header:ignore, 0, 0, 0
705, mvs:well/wells/acacia_well, HEADING, header:ignore, 0, 0, 0
706, mvs:well/wells/birch_well, HEADING, header:ignore, 0, 0, 0
707, mvs:well/wells/dark_oak_well, HEADING, header:ignore, 0, 0, 0
708, mvs:well/wells/desert_well, HEADING, header:ignore, 0, 0, 0
709, mvs:well/wells/end_well, HEADING, header:ignore, 0, 0, 0
710, mvs:well/wells/jungle_well, HEADING, header:ignore, 0, 0, 0
711, mvs:well/wells/mushroom_well, HEADING, header:ignore, 0, 0, 0
712, mvs:well/wells/nether_well, HEADING, header:ignore, 0, 0, 0
713, mvs:well/wells/oak_well, HEADING, header:ignore, 0, 0, 0
714, mvs:well/wells/rocky_well, HEADING, header:ignore, 0, 0, 0
715, mvs:well/wells/snowy_well, HEADING, header:ignore, 0, 0, 0
716, mvs:well/wells/spruce_well, HEADING, header:ignore, 0, 0, 0
717, dungeons_arise:wishing_well, HEADING, header:ignore, 0, 0, 0
718, terralith:witch_hut, HEADING, header:ignore, 0, 0, 0
719, terralith:witch_hut, MONSTER, minecraft:witch, 10, 1, 2
720, terralith:witch_hut, CREATURE, minecraft:cat, 10, 1, 1
721, ati_structures:wither_cavern, HEADING, header:ignore, 0, 0, 0
722, ati_structures:wither_keep, HEADING, header:ignore, 0, 0, 0
723, structory_towers:wizard_tower, HEADING, header:ignore, 0, 0, 0
724, ati_structures:woodland_keep, HEADING, header:ignore, 0, 0, 0
725, pirates:wreck0, HEADING, header:ignore, 0, 0, 0
726, pirates:wreck1, HEADING, header:ignore, 0, 0, 0
727, pirates:wreck2, HEADING, header:ignore, 0, 0, 0
728, pirates:wreck3, HEADING, header:ignore, 0, 0, 0
729, towns_and_towers:wreckage_ocean, HEADING, header:ignore, 0, 0, 0
730, mowziesmobs:wrought_chamber, HEADING, header:ignore, 0, 0, 0
731, twilightforest:yeti_cave, HEADING, header:ignore, 0, 0, 0
732, youkaishomecoming:youkai_nest, HEADING, header:ignore, 0, 0, 0
733, youkaishomecoming:youkai_nest, MONSTER, youkaishomecoming:rumia, 10, 1, 1
